<?xml version="1.0" encoding="UTF-8"?>
<testsuite name="third.service.TestStandardMyService" time="0.216" tests="1" errors="1" skipped="0" failures="0">
  <properties>
[...]
</properties>
  <testcase name="testService" classname="third.service.TestStandardMyService" time="0.216">
    <error message="MY_PROPERTY" type="java.lang.NoSuchFieldError">java.lang.NoSuchFieldError: MY_PROPERTY
	at third.service.TestStandardMyService.testService(TestStandardMyService.java:38)
</error>
    <system-err><![CDATA[SLF4J: Class path contains multiple SLF4J bindings.
SLF4J: Found binding in [jar:file:/D:/tools/maven/apache-maven-3.5.0/mavenWorkspace/ch/qos/logback/logback-classic/1.2.3/logback-classic-1.2.3.jar!/org/slf4j/impl/StaticLoggerBinder.class]
SLF4J: Found binding in [jar:file:/D:/tools/maven/apache-maven-3.5.0/mavenWorkspace/org/slf4j/slf4j-simple/1.7.25/slf4j-simple-1.7.25.jar!/org/slf4j/impl/StaticLoggerBinder.class]
SLF4J: See http://www.slf4j.org/codes.html#multiple_bindings for an explanation.
SLF4J: Actual binding is of type [ch.qos.logback.classic.util.ContextSelectorStaticBinder]
]]></system-err>
  </testcase>
</testsuite>